TN:
SF:output-functions/conditional-business-logic.js
FN:1,(anonymous_0)
FN:1,ocpReturn
FNF:2
FNH:2
FNDA:9,(anonymous_0)
FNDA:9,ocpReturn
DA:1,9
DA:12,9
DA:13,7
DA:14,7
DA:15,7
DA:21,7
DA:22,1
DA:23,1
DA:24,6
DA:25,2
DA:26,2
DA:27,4
DA:28,2
DA:29,2
DA:30,2
DA:31,1
DA:32,1
DA:34,1
DA:35,1
DA:38,7
DA:47,2
DA:58,9
DA:60,9
LF:23
LH:23
BRDA:12,0,0,7
BRDA:12,0,1,2
BRDA:21,1,0,1
BRDA:21,1,1,6
BRDA:24,2,0,2
BRDA:24,2,1,4
BRDA:24,3,0,6
BRDA:24,3,1,2
BRDA:27,4,0,2
BRDA:27,4,1,2
BRDA:27,5,0,4
BRDA:27,5,1,4
BRDA:30,6,0,1
BRDA:30,6,1,1
BRDA:44,7,0,4
BRDA:44,7,1,3
BRDA:44,8,0,7
BRDA:44,8,1,5
BRDA:60,9,0,9
BRDA:60,9,1,0
BRF:20
BRH:19
end_of_record
TN:
SF:output-functions/parse-account-balance.js
FN:1,(anonymous_0)
FN:1,ocpReturn
FNF:2
FNH:2
FNDA:6,(anonymous_0)
FNDA:6,ocpReturn
DA:1,6
DA:11,6
DA:13,3
DA:16,3
DA:25,3
DA:34,6
LF:6
LH:6
BRDA:11,0,0,3
BRDA:11,0,1,3
BRDA:34,1,0,6
BRDA:34,1,1,0
BRF:4
BRH:3
end_of_record
TN:
SF:output-functions/parse-appointment-list.js
FN:1,(anonymous_0)
FN:1,ocpReturn
FNF:2
FNH:2
FNDA:7,(anonymous_0)
FNDA:7,ocpReturn
DA:1,7
DA:10,7
DA:11,5
DA:13,5
DA:15,2
DA:17,2
DA:27,3
DA:38,2
DA:49,7
LF:9
LH:9
BRDA:10,0,0,5
BRDA:10,0,1,2
BRDA:13,1,0,2
BRDA:13,1,1,3
BRDA:13,2,0,5
BRDA:13,2,1,3
BRDA:49,3,0,7
BRDA:49,3,1,0
BRF:8
BRH:7
end_of_record
TN:
SF:output-functions/parse-payment-history.js
FN:1,(anonymous_0)
FN:1,ocpReturn
FN:17,(anonymous_2)
FNF:3
FNH:3
FNDA:7,(anonymous_0)
FNDA:7,ocpReturn
FNDA:9,(anonymous_2)
DA:1,7
DA:10,7
DA:11,5
DA:14,5
DA:15,5
DA:17,5
DA:18,9
DA:19,9
DA:20,6
DA:24,5
DA:33,2
DA:44,7
LF:12
LH:12
BRDA:10,0,0,5
BRDA:10,0,1,2
BRDA:19,1,0,6
BRDA:19,1,1,3
BRDA:29,2,0,5
BRDA:29,2,1,1
BRDA:30,3,0,5
BRDA:30,3,1,1
BRDA:44,4,0,7
BRDA:44,4,1,0
BRF:10
BRH:9
end_of_record
TN:
SF:output-functions/parse-response-headers.js
FN:1,(anonymous_0)
FN:1,ocpReturn
FN:13,(anonymous_2)
FN:17,(anonymous_3)
FN:21,(anonymous_4)
FNF:5
FNH:5
FNDA:9,(anonymous_0)
FNDA:9,ocpReturn
FNDA:6,(anonymous_2)
FNDA:8,(anonymous_3)
FNDA:9,(anonymous_4)
DA:1,9
DA:10,9
DA:12,6
DA:13,6
DA:16,6
DA:17,8
DA:20,6
DA:21,9
DA:24,6
DA:32,3
DA:42,9
LF:11
LH:11
BRDA:10,0,0,6
BRDA:10,0,1,3
BRDA:12,1,0,6
BRDA:12,1,1,2
BRDA:16,2,0,6
BRDA:16,2,1,4
BRDA:20,3,0,6
BRDA:20,3,1,5
BRDA:29,4,0,6
BRDA:29,4,1,1
BRDA:42,5,0,9
BRDA:42,5,1,0
BRF:12
BRH:11
end_of_record
TN:
SF:output-functions/parse-soap-xml.js
FN:1,(anonymous_0)
FN:1,ocpReturn
FNF:2
FNH:2
FNDA:5,(anonymous_0)
FNDA:5,ocpReturn
DA:1,5
DA:10,5
DA:12,3
DA:15,3
DA:16,3
DA:17,3
DA:20,3
DA:22,3
DA:30,2
DA:40,5
LF:10
LH:10
BRDA:10,0,0,3
BRDA:10,0,1,2
BRDA:24,1,0,3
BRDA:24,1,1,2
BRDA:25,2,0,3
BRDA:25,2,1,2
BRDA:26,3,0,3
BRDA:26,3,1,2
BRDA:27,4,0,3
BRDA:27,4,1,2
BRDA:40,5,0,5
BRDA:40,5,1,0
BRF:12
BRH:11
end_of_record
TN:
SF:output-functions/parse-user-profile.js
FN:1,(anonymous_0)
FN:1,ocpReturn
FNF:2
FNH:2
FNDA:8,(anonymous_0)
FNDA:8,ocpReturn
DA:1,8
DA:12,8
DA:13,3
DA:15,3
DA:26,5
DA:28,1
DA:29,1
DA:31,1
DA:32,1
DA:34,1
DA:35,1
DA:37,1
DA:38,1
DA:40,1
DA:41,1
DA:44,5
DA:54,8
DA:56,8
LF:18
LH:18
BRDA:12,0,0,3
BRDA:12,0,1,5
BRDA:17,1,0,3
BRDA:17,1,1,1
BRDA:18,2,0,3
BRDA:18,2,1,2
BRDA:19,3,0,3
BRDA:19,3,1,2
BRDA:20,4,0,3
BRDA:20,4,1,2
BRDA:26,5,0,1
BRDA:26,5,1,1
BRDA:26,5,2,1
BRDA:26,5,3,1
BRDA:26,5,4,1
BRDA:56,6,0,8
BRDA:56,6,1,0
BRF:17
BRH:16
end_of_record
TN:
SF:user-functions/branch-locator.js
FN:1,(anonymous_0)
FNF:1
FNH:1
FNDA:11,(anonymous_0)
DA:1,1
DA:10,11
DA:13,11
DA:20,11
LF:4
LH:4
BRDA:13,0,0,2
BRDA:13,0,1,9
BRDA:14,1,0,1
BRDA:14,1,1,8
BRDA:15,2,0,1
BRDA:15,2,1,7
BRDA:16,3,0,1
BRDA:16,3,1,6
BRDA:17,4,0,1
BRDA:17,4,1,5
BRF:10
BRH:10
end_of_record
TN:
SF:user-functions/build-dynamic-url.js
FN:1,(anonymous_0)
FNF:1
FNH:1
FNDA:13,(anonymous_0)
DA:1,1
DA:11,13
DA:12,13
DA:15,13
DA:18,13
LF:5
LH:5
BRF:0
BRH:0
end_of_record
TN:
SF:user-functions/calculate-days-until.js
FN:1,(anonymous_0)
FNF:1
FNH:1
FNDA:10,(anonymous_0)
DA:1,1
DA:11,10
DA:12,10
DA:16,10
DA:22,10
DA:29,10
DA:32,10
DA:35,10
DA:36,10
LF:9
LH:9
BRF:0
BRH:0
end_of_record
TN:
SF:user-functions/dynamic-greeting.js
FN:1,(anonymous_0)
FNF:1
FNH:1
FNDA:11,(anonymous_0)
DA:1,1
DA:11,11
DA:15,11
DA:19,11
DA:23,11
LF:5
LH:5
BRDA:19,0,0,4
BRDA:19,0,1,7
BRDA:19,1,0,11
BRDA:19,1,1,10
BRDA:20,2,0,4
BRDA:20,2,1,3
BRDA:20,3,0,7
BRDA:20,3,1,6
BRF:8
BRH:8
end_of_record
TN:
SF:user-functions/format-currency.js
FN:1,(anonymous_0)
FNF:1
FNH:1
FNDA:11,(anonymous_0)
DA:1,1
DA:11,11
DA:14,11
DA:20,11
DA:21,11
LF:5
LH:5
BRF:0
BRH:0
end_of_record
TN:
SF:user-functions/format-date.js
FN:1,(anonymous_0)
FNF:1
FNH:1
FNDA:11,(anonymous_0)
DA:1,1
DA:11,11
DA:13,11
DA:16,11
DA:24,11
DA:25,11
LF:6
LH:6
BRDA:13,0,0,10
BRDA:13,0,1,1
BRF:2
BRH:2
end_of_record
TN:
SF:user-functions/generate-jwt-token.js
FN:1,(anonymous_0)
FNF:1
FNH:1
FNDA:17,(anonymous_0)
DA:1,1
DA:12,17
DA:19,17
DA:22,17
DA:28,17
LF:5
LH:5
BRF:0
BRH:0
end_of_record
TN:
SF:user-functions/get-epoch-timestamp.js
FN:1,(anonymous_0)
FNF:1
FNH:1
FNDA:15,(anonymous_0)
DA:1,1
DA:11,15
DA:14,15
LF:3
LH:3
BRF:0
BRH:0
end_of_record
TN:
SF:user-functions/mask-sensitive-data.js
FN:1,(anonymous_0)
FNF:1
FNH:1
FNDA:19,(anonymous_0)
DA:1,1
DA:11,19
DA:14,19
DA:17,19
DA:20,19
LF:5
LH:5
BRF:0
BRH:0
end_of_record
TN:
SF:user-functions/pluralize.js
FN:1,(anonymous_0)
FNF:1
FNH:1
FNDA:18,(anonymous_0)
DA:1,1
DA:11,18
DA:14,18
LF:3
LH:3
BRDA:14,0,0,5
BRDA:14,0,1,13
BRF:2
BRH:2
end_of_record
TN:
SF:validation-functions/account-number-validation.js
FN:1,(anonymous_0)
FNF:1
FNH:1
FNDA:17,(anonymous_0)
DA:1,1
DA:10,17
DA:13,17
DA:16,17
DA:19,17
DA:22,17
DA:25,17
LF:7
LH:7
BRDA:19,0,0,17
BRDA:19,0,1,15
BRDA:25,1,0,17
BRDA:25,1,1,13
BRDA:25,1,2,11
BRF:5
BRH:5
end_of_record
TN:
SF:validation-functions/amount-validation.js
FN:1,(anonymous_0)
FNF:1
FNH:1
FNDA:21,(anonymous_0)
DA:1,1
DA:12,21
DA:15,21
DA:18,21
DA:21,21
DA:24,21
DA:25,21
LF:7
LH:7
BRDA:15,0,0,21
BRDA:15,0,1,19
BRDA:18,1,0,21
BRDA:18,1,1,16
BRDA:24,2,0,21
BRDA:24,2,1,18
BRDA:24,2,2,14
BRF:7
BRH:7
end_of_record
TN:
SF:validation-functions/credit-card-validation.js
FN:1,(anonymous_0)
FN:10,luhnCheck
FNF:2
FNH:2
FNDA:12,(anonymous_0)
FNDA:12,luhnCheck
DA:1,1
DA:12,12
DA:15,12
DA:16,4
DA:19,8
DA:20,8
DA:23,8
DA:24,126
DA:26,126
DA:27,62
DA:28,62
DA:29,23
DA:33,126
DA:34,126
DA:37,8
DA:41,12
LF:16
LH:16
BRDA:15,0,0,4
BRDA:15,0,1,8
BRDA:15,1,0,12
BRDA:15,1,1,9
BRDA:26,2,0,62
BRDA:26,2,1,64
BRDA:28,3,0,23
BRDA:28,3,1,39
BRF:8
BRH:8
end_of_record
TN:
SF:validation-functions/custom-list-validation.js
FN:1,(anonymous_0)
FNF:1
FNH:1
FNDA:23,(anonymous_0)
DA:1,1
DA:11,23
DA:19,23
DA:22,23
LF:4
LH:4
BRF:0
BRH:0
end_of_record
TN:
SF:validation-functions/date-validation.js
FN:1,(anonymous_0)
FNF:1
FNH:1
FNDA:11,(anonymous_0)
DA:1,1
DA:12,11
DA:13,11
DA:16,11
DA:22,11
DA:29,11
DA:30,11
DA:33,11
DA:34,11
DA:35,11
DA:38,11
DA:39,11
LF:12
LH:12
BRDA:38,0,0,11
BRDA:38,0,1,9
BRDA:38,0,2,7
BRF:3
BRH:3
end_of_record
TN:
SF:validation-functions/email-validation.js
FN:1,(anonymous_0)
FNF:1
FNH:1
FNDA:21,(anonymous_0)
DA:1,1
DA:10,21
DA:13,21
DA:16,21
LF:4
LH:4
BRF:0
BRH:0
end_of_record
TN:
SF:validation-functions/phone-validation.js
FN:1,(anonymous_0)
FNF:1
FNH:1
FNDA:12,(anonymous_0)
DA:1,1
DA:13,12
DA:16,12
DA:19,12
DA:22,12
LF:5
LH:5
BRF:0
BRH:0
end_of_record
TN:
SF:validation-functions/zip-code-validation.js
FN:1,(anonymous_0)
FNF:1
FNH:1
FNDA:20,(anonymous_0)
DA:1,1
DA:10,20
DA:13,20
DA:16,20
DA:17,20
DA:20,20
LF:6
LH:6
BRDA:20,0,0,20
BRDA:20,0,1,14
BRF:2
BRH:2
end_of_record
